Tue Oct 23 10:35:24 2018







	Macro Assembler  -  Version 1.00.0
		-----------------------------------------------

		Input  Filename : D:\ASM_SAVE_backup\Nuvoton8bit\N588H_template\N588H340_NuIDE V3.06.012_SDS3.12.001_CS V1.6.1.4\SysClk.asm.app
		Output Filename : D:\ASM_SAVE_backup\Nuvoton8bit\N588H_template\N588H340_NuIDE V3.06.012_SDS3.12.001_CS V1.6.1.4\SysClk.oc


    1  0000000                   	CHIP 65C02
    2  0000000                   	SYMBOLS
    3  0000000                   	LINKLIST
    4  0000000                   	DEBUG asm
    5  0000000                   
    6  0000000                   	INCLUDE N588H_SYS_DEF_EQU.INI
    7  0000000                   DIRECT_PAGE		EQU	00H
    8  0000000                   
    9  0000000                   CHECKSUM_ADDR		EQU 	00H
   10  0000000                   CHECKSUM_ADDR1		EQU 	01H
   11  0000000                   CHECK_RESULT		EQU	02H
   12  0000000                   
   13  0000000                   ROM_START		EQU	0980H
   14  0000000                   ROM_SEC1_END		EQU	099FH
   15  0000000                   CHECKSUM_33TH		EQU	09A0H
   16  0000000                   CHECKSUM_34TH		EQU	09A1H
   17  0000000                   ROM_SEC2_START		EQU	09C0H
   18  0000000                   
   19  0000000                   RAM_BEGIN		EQU	00H
   20  0000000                   
   21  0000000                   .IF	 (PARTNO='N588H000')
   22  0000000                   RAM_END		EQU 7FFH
   23  0000000                   STACK_END   	EQU FFH
   24  0000000                   .ENDIF
   25  0000000                   
   26  0000000                   .IF	 (PARTNO='N588H040').OR.(PARTNO='N588H060').OR.(PARTNO='N588H061').OR.(PARTNO='N588H080').OR.(PARTNO='N588H081').OR.(PARTNO='N588H120').OR.(PARTNO='N588H170').OR.(PARTNO='N588HP080').OR.(PARTNO='N588HP170')
   27  0000000                   RAM_END		EQU 7FH
   28  0000000                   STACK_END   	EQU 7FH
   29  0000000                   .ENDIF
   30  0000000                   
   31  0000000                   .IF	 (PARTNO='N588H200').OR.(PARTNO='N588H250').OR.(PARTNO='N588H340').OR.(PARTNO='N588H201').OR.(PARTNO='N588H251').OR.(PARTNO='N588H341').OR.(PARTNO='N588H480').OR.(PARTNO='N588H650').OR.(PARTNO='N588HP340')
   32  0000000                   RAM_END		EQU BFH
   33  0000000                   STACK_END   	EQU BFH
   34  0000000                   .ENDIF
   35  0000000                   
   36  0000000                   ; [Add] N588J chip series
   37  0000000                   ;;;;;;;;;;;;;;;;;;;;;;;;;;;;;;;;;;;;;;;;;;;;;;;;;;;;;;;;;;;;;;;;;;;;;;;;;;;;;;;;;;;;;;;;;;;;;;;;;;;
   38  0000000                   .IF	 (PARTNO='N588J010').OR.(PARTNO='N588J040').OR.(PARTNO='N588J060').OR.(PARTNO='N588J080').OR.(PARTNO='N588J120').OR.(PARTNO='N588J170')
   39  0000000                   RAM_END		EQU 7FH
   40  0000000                   STACK_END   	EQU 7FH
   41  0000000                   .ENDIF
   42  0000000                   
   43  0000000                   .IF	 (PARTNO='N588J200').OR.(PARTNO='N588J250').OR.(PARTNO='N588J340').OR.(PARTNO='N588J201').OR.(PARTNO='N588J251').OR.(PARTNO='N588J341').OR.(PARTNO='N588J480').OR.(PARTNO='N588J650')
   44  0000000                   RAM_END		EQU BFH
   45  0000000                   STACK_END   	EQU BFH
   46  0000000                   .ENDIF





   47  0000000                   
   48  0000000                   
   49  0000000                   ;------------------------------------------------------
   50  0000000                   .IF	 (PARTNO='N588H000')
   51  0000000                   BODY_END_ADDR 	EQU	80FFH
   52  0000000                   BODY_END_BANK	EQU	20H
   53  0000000                   .ENDIF
   54  0000000                   
   55  0000000                   ; [Add] N588J010 (40K)
   56  0000000                   ;;;;;;;;;;;;;;;;;;;;;;;;;;;;;;;;;;;;;;;;;;;;;;;;;;;;;;;;;;;;;;;;;;;;;;;;;;;;;;;;;;;;;;;;;;;;;;;;;;;
   57  0000000                   .IF	 (PARTNO='N588J010')
   58  0000000                   BODY_END_ADDR 	EQU	A8FFH
   59  0000000                   BODY_END_BANK	EQU	01H
   60  0000000                   .ENDIF
   61  0000000                   ;;;;;;;;;;;;;;;;;;;;;;;;;;;;;;;;;;;;;;;;;;;;;;;;;;;;;;;;;;;;;;;;;;;;;;;;;;;;;;;;;;;;;;;;;;;;;;;;;;;
   62  0000000                   
   63  0000000                   ; [Add] N588J040 (126K)
   64  0000000                   ;;;;;;;;;;;;;;;;;;;;;;;;;;;;;;;;;;;;;;;;;;;;;;;;;;;;;;;;;;;;;;;;;;;;;;;;;;;;;;;;;;;;;;;;;;;;;;;;;;;
   65  0000000                   .IF	 (PARTNO='N588H040').OR.(PARTNO='N588J040')
   66  0000000                   BODY_END_ADDR 	EQU	80FFH
   67  0000000                   BODY_END_BANK	EQU	04H
   68  0000000                   .ENDIF
   69  0000000                   ;;;;;;;;;;;;;;;;;;;;;;;;;;;;;;;;;;;;;;;;;;;;;;;;;;;;;;;;;;;;;;;;;;;;;;;;;;;;;;;;;;;;;;;;;;;;;;;;;;;
   70  0000000                   
   71  0000000                   ; [Add] N588J060 (*206K)
   72  0000000                   ;;;;;;;;;;;;;;;;;;;;;;;;;;;;;;;;;;;;;;;;;;;;;;;;;;;;;;;;;;;;;;;;;;;;;;;;;;;;;;;;;;;;;;;;;;;;;;;;;;;
   73  0000000                   .IF	 (PARTNO='N588H060').OR.(PARTNO='N588H061').OR.(PARTNO='N588J060')
   74  0000000                   BODY_END_ADDR 	EQU	C0FFH
   75  0000000                   BODY_END_BANK	EQU	06H
   76  0000000                   .ENDIF
   77  0000000                   ;;;;;;;;;;;;;;;;;;;;;;;;;;;;;;;;;;;;;;;;;;;;;;;;;;;;;;;;;;;;;;;;;;;;;;;;;;;;;;;;;;;;;;;;;;;;;;;;;;;
   78  0000000                   
   79  0000000                   ; [Add] N588J080 (254K)
   80  0000000                   ;;;;;;;;;;;;;;;;;;;;;;;;;;;;;;;;;;;;;;;;;;;;;;;;;;;;;;;;;;;;;;;;;;;;;;;;;;;;;;;;;;;;;;;;;;;;;;;;;;;
   81  0000000                   .IF	 (PARTNO='N588H080').OR.(PARTNO='N588H081').OR.(PARTNO='N588J080').OR.(PARTNO='N588HP080')
   82  0000000                   BODY_END_ADDR 	EQU	80FFH
   83  0000000                   BODY_END_BANK	EQU	08H
   84  0000000                   .ENDIF
   85  0000000                   ;;;;;;;;;;;;;;;;;;;;;;;;;;;;;;;;;;;;;;;;;;;;;;;;;;;;;;;;;;;;;;;;;;;;;;;;;;;;;;;;;;;;;;;;;;;;;;;;;;;
   86  0000000                   
   87  0000000                   ; [Add] N588J120 (*414K)
   88  0000000                   ;;;;;;;;;;;;;;;;;;;;;;;;;;;;;;;;;;;;;;;;;;;;;;;;;;;;;;;;;;;;;;;;;;;;;;;;;;;;;;;;;;;;;;;;;;;;;;;;;;;
   89  0000000                   .IF	 (PARTNO='N588H120').OR.(PARTNO='N588J120')
   90  0000000                   BODY_END_ADDR 	EQU	80FFH
   91  0000000                   BODY_END_BANK	EQU	0DH
   92  0000000                   .ENDIF
   93  0000000                   ;;;;;;;;;;;;;;;;;;;;;;;;;;;;;;;;;;;;;;;;;;;;;;;;;;;;;;;;;;;;;;;;;;;;;;;;;;;;;;;;;;;;;;;;;;;;;;;;;;;
   94  0000000                   
   95  0000000                   ; [Add] N588J170 (510K)
   96  0000000                   ;;;;;;;;;;;;;;;;;;;;;;;;;;;;;;;;;;;;;;;;;;;;;;;;;;;;;;;;;;;;;;;;;;;;;;;;;;;;;;;;;;;;;;;;;;;;;;;;;;;
   97  0000000                   .IF	 (PARTNO='N588H170').OR.(PARTNO='N588J170').OR.(PARTNO='N588HP170')
   98  0000000                   BODY_END_ADDR 	EQU	80FFH
   99  0000000                   BODY_END_BANK	EQU	10H
  100  0000000                   .ENDIF
  101  0000000                   ;;;;;;;;;;;;;;;;;;;;;;;;;;;;;;;;;;;;;;;;;;;;;;;;;;;;;;;;;;;;;;;;;;;;;;;;;;;;;;;;;;;;;;;;;;;;;;;;;;;
  102  0000000                   
  103  0000000                   ; [Add] N588H/J200 (*704K)





  104  0000000                   ;;;;;;;;;;;;;;;;;;;;;;;;;;;;;;;;;;;;;;;;;;;;;;;;;;;;;;;;;;;;;;;;;;;;;;;;;;;;;;;;;;;;;;;;;;;;;;;;;;;
  105  0000000                   .IF	 (PARTNO='N588H200').OR.(PARTNO='N588H201').OR.(PARTNO='N588J200').OR.(PARTNO='N588J201')
  106  0000000                   BODY_END_ADDR 	EQU	88FFH
  107  0000000                   BODY_END_BANK	EQU	16H
  108  0000000                   .ENDIF
  109  0000000                   ;;;;;;;;;;;;;;;;;;;;;;;;;;;;;;;;;;;;;;;;;;;;;;;;;;;;;;;;;;;;;;;;;;;;;;;;;;;;;;;;;;;;;;;;;;;;;;;;;;;
  110  0000000                   
  111  0000000                   ; [Add] N588J250 (*830K)
  112  0000000                   ;;;;;;;;;;;;;;;;;;;;;;;;;;;;;;;;;;;;;;;;;;;;;;;;;;;;;;;;;;;;;;;;;;;;;;;;;;;;;;;;;;;;;;;;;;;;;;;;;;;
  113  0000000                   .IF	 (PARTNO='N588H250').OR.(PARTNO='N588H251').OR.(PARTNO='N588J250').OR.(PARTNO='N588J251')
  114  0000000                   BODY_END_ADDR 	EQU	80FFH
  115  0000000                   BODY_END_BANK	EQU	1AH
  116  0000000                   .ENDIF
  117  0000000                   ;;;;;;;;;;;;;;;;;;;;;;;;;;;;;;;;;;;;;;;;;;;;;;;;;;;;;;;;;;;;;;;;;;;;;;;;;;;;;;;;;;;;;;;;;;;;;;;;;;;
  118  0000000                   
  119  0000000                   ; [Add] N588J340 (*1022K)
  120  0000000                   ;;;;;;;;;;;;;;;;;;;;;;;;;;;;;;;;;;;;;;;;;;;;;;;;;;;;;;;;;;;;;;;;;;;;;;;;;;;;;;;;;;;;;;;;;;;;;;;;;;;
  121  0000000                   .IF	 (PARTNO='N588H340').OR.(PARTNO='N588H341').OR.(PARTNO='N588HP340').OR.(PARTNO='N588J340').OR.(PARTNO='N588J341')
  122  0000000                   BODY_END_ADDR 	EQU	FFFFH
  123  0000000                   BODY_END_BANK	EQU	1FH
  124  0000000                   .ENDIF
  125  0000000                   ;;;;;;;;;;;;;;;;;;;;;;;;;;;;;;;;;;;;;;;;;;;;;;;;;;;;;;;;;;;;;;;;;;;;;;;;;;;;;;;;;;;;;;;;;;;;;;;;;;;
  126  0000000                   
  127  0000000                   ; [Add] N588H480 (*1534K)
  128  0000000                   .IF	 (PARTNO='N588H480').OR.(PARTNO='N588J480')
  129  0000000                   BODY_END_ADDR 	EQU	80FFH
  130  0000000                   BODY_END_BANK	EQU	30H
  131  0000000                   .ENDIF
  132  0000000                   
  133  0000000                   ; [Add] N588H650 (*2044K)
  134  0000000                   .IF	 (PARTNO='N588H650').OR.(PARTNO='N588J650')
  135  0000000                   BODY_END_ADDR 	EQU	F8FFH
  136  0000000                   BODY_END_BANK	EQU	3FH
  137  0000000                   .ENDIF
  138  0000000                   ;------------------------------------------------------
  139  0000000                   ;------------------------------------------------------
  140  0000000                   INT0_PORT	EQU 		01H
  141  0000000                   INT0_TM0	EQU 		02H
  142  0000000                   INT0_TM1	EQU 		04H
  143  0000000                   INT0_TMG0	EQU 		08H
  144  0000000                   INT0_FXF13	EQU 		10H
  145  0000000                   INT0_FXF10	EQU 		20H
  146  0000000                   INT0_TMG1	EQU 		40H
  147  0000000                   INT0_FXF15	EQU 		80H
  148  0000000                   
  149  0000000                   INT1_RTC	EQU 		01H
  150  0000000                   INT1_SPIO_OUT 	EQU 		02H
  151  0000000                   INT1_SPIO_IN	EQU 		04H
  152  0000000                   INT1_SIM	EQU 		08H
  153  0000000                   
  154  0000000                   CTL_CPU_STOP	EQU 		01H
  155  0000000                   CTL_CPU_WDT	EQU 		02H
  156  0000000                   CTL_CPU_FOSC	EQU 		04H
  157  0000000                   CTL_LVD		EQU 		08H
  158  0000000                   CTL_LVD_OCCUR	EQU 		80H
  159  0000000                   
  160  0000000                   RESET_LVR	EQU		01H





  161  0000000                   RESET_PORT	EQU		02H
  162  0000000                   RESET_WDT	EQU		04H
  163  0000000                   RESET_POR	EQU		08H
  164  0000000                   RESET_RPIN	EQU		10H
  165  0000000                   RESET_6502	EQU		20H
  166  0000000                   RESET_ABN	EQU		40H
  167  0000000                   
  168  0000000                   RDPC_WSC	EQU 		10H
  169  0000000                   SIC_EN		EQU 		01H
  170  0000000                   SIC_SPI		EQU 		04H
  171  0000000                   
  172  0000000                   SPEN_EPWM	EQU 		02H
  173  0000000                   SPEN_DAC	EQU 		01H
  174  0000000                   SPEN_NS		EQU 		08H
  175  0000000                   
  176  0000000                   RTC_EN 		EQU 		01H
  177  0000000                   RTC_4S 		EQU 		00H
  178  0000000                   RTC_2HZ 	EQU 		02H
  179  0000000                   RTC_32HZ	EQU 		04H
  180  0000000                   RTC_8HZ 	EQU 		06H
  181  0000000                   
  182  0000000                   RGT_EN		EQU 		01H
  183  0000000                   
  184  0000000                   BP00_PWM	EQU		01H
  185  0000000                   BP01_PWM	EQU		02H
  186  0000000                   BP02_PWM	EQU		04H
  187  0000000                   BP03_PWM	EQU		08H
  188  0000000                   BP04_PWM	EQU		10H
  189  0000000                   BP05_PWM	EQU		20H
  190  0000000                   
  191  0000000                   BP00_MOTOR	EQU		10H
  192  0000000                   BP01_MOTOR	EQU		10H
  193  0000000                   BP02_MOTOR	EQU		20H
  194  0000000                   BP03_MOTOR	EQU		20H
  195  0000000                   BP04_MOTOR	EQU		40H
  196  0000000                   BP05_MOTOR	EQU		40H
  197  0000000                   ;------------------------------------------------------
  198  0000000                   ;------------------------------------------------------
  199  0000000                   BP0		EQU		801H
  200  0000000                   BP0D		EQU		80AH
  201  0000000                   BP0C		EQU		815H
  202  0000000                   
  203  0000000                   BP1		EQU		802H
  204  0000000                   BP1D		EQU		80BH
  205  0000000                   BP1EN	 	EQU 		852H
  206  0000000                   
  207  0000000                   .IF	(PARTNO='N588H000').OR.(PARTNO='N588H200').OR.(PARTNO='N588H250').OR.(PARTNO='N588H340').OR.(PARTNO='N588H201').OR.(PARTNO='N588H251').OR.(PARTNO='N588H341').OR.(PARTNO='N588H480').OR.(PARTNO='N588H650').OR.(PARTNO='N588HP340').OR.(PARTNO='N588J200').OR.(PARTNO='N588J250').OR.(PARTNO='N588J340').OR.(PARTNO='N588J201').OR.(PARTNO='N588J251').OR.(PARTNO='N588J341').OR.(PARTNO='N588J480').OR.(PARTNO='N588J650')
  208  0000000                   BP2		EQU		803H
  209  0000000                   BP2D		EQU		80CH
  210  0000000                   BP2C		EQU		822H
  211  0000000                   .ENDIF
  212  0000000                   
  213  0000000                   IEF0		EQU		81EH
  214  0000000                   EVF0		EQU		820H
  215  0000000                   EFC0		EQU		816H
  216  0000000                   
  217  0000000                   BANK		EQU		818H





  218  0000000                   RESET_F	   	EQU     	80EH
  219  0000000                   CTL_CPU	   	EQU     	80FH
  220  0000000                   
  221  0000000                   SPEN		EQU		833H
  222  0000000                   .IF(WITH_ALL_MIXER_SFR .EQ. 1)
  223  0000000                   SP0A		EQU		838H
  224  0000000                   SP0AL		EQU		834H
  225  0000000                   .IF	(CHIPSERIES = 'N588H')
  226  0000000                   SP0B		EQU		839H
  227  0000000                   SP0BL		EQU		835H
  228  0000000                   SP0C		EQU		83AH
  229  0000000                   SP0CL		EQU		836H
  230  0000000                   .ENDIF
  231  0000000                   .ENDIF
  232  0000000                   SP0ALT		EQU		83CH
  233  0000000                   SP0AT		EQU		83EH
  234  0000000                   .IF	(CHIPSERIES = 'N588H')
  235  0000000                   SP0BLT		EQU		83DH
  236  0000000                   SP0BT		EQU		83FH
  237  0000000                   SP0CLT		EQU		840H
  238  0000000                   SP0CT		EQU		841H
  239  0000000                   .ENDIF
  240  0000000                   
  241  0000000                   TMG0C		EQU		828H
  242  0000000                   TMG0V		EQU		829H
  243  0000000                   TMG0_O		EQU		82AH
  244  0000000                   TM0C		EQU		82BH
  245  0000000                   TM0V		EQU		82FH
  246  0000000                   TM1C		EQU		82CH
  247  0000000                   TM1V		EQU		830H
  248  0000000                   
  249  0000000                   CMP_C		EQU 		849H
  250  0000000                   PVL		EQU 		84AH
  251  0000000                   
  252  0000000                   PWMC 		EQU 		858H
  253  0000000                   PWV0 		EQU 		859H
  254  0000000                   PWV2 		EQU 		85AH
  255  0000000                   PWV4 		EQU 		85BH
  256  0000000                   
  257  0000000                   	.IF	(PARTNO='N588H000')
  258  0000000                   IP0		EQU		800H
  259  0000000                   IP0M     	EQU		805H
  260  0000000                   IP0EN 		EQU 		850H
  261  0000000                   OP1		EQU		809H
  262  0000000                   
  263  0000000                   RAMP		EQU 		842H
  264  0000000                   
  265  0000000                   SIC		EQU		81CH
  266  0000000                   RDPC		EQU  		81DH	
  267  0000000                   BANK1		EQU		832H
  268  0000000                   EXDAX0 		EQU 		868H
  269  0000000                   EXDAX1 		EQU 		869H
  270  0000000                   EXDAX2 		EQU 		86AH
  271  0000000                   EXDAX3 		EQU 		86BH
  272  0000000                   EXDAY0 		EQU 		86CH
  273  0000000                   EXDAY1 		EQU 		86DH
  274  0000000                   EXDAY2 		EQU 		86EH





  275  0000000                   EXDAY3 		EQU 		86FH	
  276  0000000                   	
  277  0000000                   SPIC 		EQU 		85EH
  278  0000000                   SPIB 		EQU 		85FH
  279  0000000                   SPIB_NFT	EQU 		860H
  280  0000000                   
  281  0000000                   TMG1C		EQU 		823H
  282  0000000                   TMG1V		EQU		824H
  283  0000000                   TMG1_O		EQU		825H
  284  0000000                   
  285  0000000                   IEF1		EQU		81FH
  286  0000000                   EVF1		EQU		821H
  287  0000000                   EFC1		EQU		817H
  288  0000000                   
  289  0000000                   VD_C		EQU 		848H
  290  0000000                   RGT 		EQU 		84EH
  291  0000000                   RTCC 		EQU 		863H
  292  0000000                   
  293  0000000                   MPUC		EQU 		84FH
  294  0000000                   MPU10		EQU		8ECH
  295  0000000                   MPU11		EQU		8EDH
  296  0000000                   MPU00		EQU		8EEH
  297  0000000                   MPU01		EQU		8EFH
  298  0000000                   	.ENDIF
  299  0000000                   
  300  0000000                   CFG0 		EQU 		8F0H
  301  0000000                   CFG1 		EQU 		8F1H
  302  0000000                   CFG2 		EQU 		8F2H
  303  0000000                   CFG3 		EQU 		8F3H
  304  0000000                   CFG4 		EQU 		8F4H
  305  0000000                   CFG5 		EQU 		8F5H
  306  0000000                   CFG6 		EQU 		8F6H
  307  0000000                   CFG7 		EQU 		8F7H
  308  0000000                   CFG8 		EQU 		8F8H
  309  0000000                   CFG9 		EQU 		8F9H
  310  0000000                   CFGA 		EQU 		8FAH
  311  0000000                   CFGB 		EQU 		8FBH
  312  0000000                   CFGC 		EQU 		8FCH
  313  0000000                   CFGD 		EQU 		8FDH
  314  0000000                   CFGE 		EQU 		8FEH
  315  0000000                   CFGF 		EQU 		8FFH
  316  0000000                   
  317  0000000                   
  318  0000000                   	INCLUDE Configuration.INI
  319  0000000                   LOCAL_TEST						EQU 0
  320  0000000                   ;--------------------------------------------------------------------------
  321  0000000                   ; Configurations : Configurations config features for di-fferent libraries.
  322  0000000                   ;--------------------------------------------------------------------------
  323  0000000                   WITH_VOL_ADJ					EQU 0
  324  0000000                   	; There will be 2 libraries for each chip series such as W566B,W566C,....
  325  0000000                   	; One library with Volume Adjustment, another one without Volume Adjustment.
  326  0000000                   	; 0: WITHOUT VOL ADJ.
  327  0000000                   	; 1: WITH S/W VOL ADJ.
  328  0000000                   	; 2: WITH H/W VOL ADJ.
  329  0000000                   	
  330  0000000                   WITH_MULTI_CHANNEL				EQU  0
  331  0000000                   	; There will be 2 libraries 





  332  0000000                   	; One library with 16HQ, another one without 16HQ
  333  0000000                   	; 0: WITHOUT 16HQ.
  334  0000000                   	; 1: WITH 16HQ.	
  335  0000000                   		
  336  0000000                   WITH_VOL_REDUCE					EQU 0	
  337  0000000                   	
  338  0000000                   WITH_16BIT_MODE					EQU 0
  339  0000000                   	; Some with 65C816 uC, some with 65C02.
  340  0000000                   WITH_32K_BANK					EQU 1
  341  0000000                   	;some with bank (ex:W567,W588), some without (ex:W566,W5691)
  342  0000000                   WITH_T_BUFFER					EQU 1
  343  0000000                   	;T-buffer is the buffer for latch decoded output PCM
  344  0000000                   WITH_READ_DATA_TYPE 			EQU 0
  345  0000000                   	; 0 : from ROM
  346  0000000                   	; 1 : from FI-FO
  347  0000000                   WITH_PCM_OUTPUT_TYPE			EQU 0
  348  0000000                   	; 0 : unsigned PCM
  349  0000000                   	; 1 : signed PCM (2' complement) 
  350  0000000                   	; 2 : signed magnitude
  351  0000000                   WITH_PCM_OUTPUT_SIZE			EQU 2
  352  0000000                   	; 1 : 1 BYTE
  353  0000000                   	; 2 : 2 BYTE	
  354  0000000                   WITH_CMD						EQU 0
  355  0000000                   	; for W569 chips that CPU send command to uC for next operations
  356  0000000                   
  357  0000000                   WITH_FW_MIXER					EQU 0
  358  0000000                   	; I-f a timer mix several channels but output to a T-buffer/Mixer output.
  359  0000000                   	; A firmware mixer will be needed.
  360  0000000                   WITH_COMPRESSED_MIDI			EQU 2
  361  0000000                   WITH_MULTIPLIER					EQU 0
  362  0000000                   	; 0 : FW
  363  0000000                   	; 1 : 9*7
  364  0000000                   	; 2 : 9*8
  365  0000000                   WITH_HEAD_TAIL_PROCESS			EQU 1
  366  0000000                   
  367  0000000                   	;-------------------------------------------------
  368  0000000                   	; for melody symbol definition
  369  0000000                   	;-------------------------------------------------
  370  0000000                   ENV_SHARP_DECAY_AMOUNT				EQU 4
  371  0000000                   
  372  0000000                   WITH_ALL_MIXER_SFR				EQU 0
  373  0000000                   
  374  0000000                   	; Following defines T-buffer registers
  375  0000000                   ;USED ACCOMPANY WITH SP_LO_T_INDEX_TABLE & SP_HI_T_INDEX_TABLE
  376  0000000                   SP_LO_T_START_ADDR				EQU SP0ALT
  377  0000000                   SP_HI_T_START_ADDR				EQU SP0AT
  378  0000000                   	
  379  0000000                   SP_LO_T_VS0A					EQU 840H	;SP0CLT
  380  0000000                   SP_HI_T_VS0A					EQU 841H	;SP0CT
  381  0000000                   SP_LO_T_VS1A					EQU SP0ALT
  382  0000000                   SP_HI_T_VS1A					EQU SP0AT
  383  0000000                   SP_LO_T_VS2A					EQU 83DH	;SP0BLT
  384  0000000                   SP_HI_T_VS2A					EQU 83FH	;SP0BT
  385  0000000                   
  386  0000000                   ;	.IF(WITH_ALL_MIXER_SFR .EQ. 1)
  387  0000000                   ;SP_HI_VS0A					EQU SP0C
  388  0000000                   ;SP_HI_VS1A					EQU SP0A





  389  0000000                   ;SP_HI_VS2A					EQU SP0B
  390  0000000                   ;
  391  0000000                   ;SP_LO_VS0A					EQU SP0CL
  392  0000000                   ;SP_LO_VS1A					EQU SP0AL
  393  0000000                   ;SP_LO_VS2A					EQU SP0BL
  394  0000000                   ;
  395  0000000                   ;SP_HI_START_ADDR				EQU SP0A
  396  0000000                   ;SP_LO_START_ADDR				EQU SP0AL
  397  0000000                   ;	.ENDIF
  398  0000000                   
  399  0000000                   SP_START_SIM_BUF_VS0A			EQU 0
  400  0000000                   SP_START_SIM_BUF_VS1A			EQU 0;0
  401  0000000                   SP_START_SIM_BUF_VS2A			EQU 0;0
  402  0000000                   SP_START_SIM_BUF_VS0B 			EQU 0
  403  0000000                   SP_START_SIM_BUF_VS1B			EQU 0
  404  0000000                   
  405  0000000                   
  406  0000000                   	; Following options used for ISR.
  407  0000000                   	; Please disable VS0D->VS0C->VS2B->VS1B->VSF->VSE->...>VS0A 
  408  0000000                   WITH_ISR_VS0A					EQU 0
  409  0000000                   WITH_ISR_VS0B					EQU 0
  410  0000000                   WITH_ISR_VS1A					EQU 1
  411  0000000                   WITH_ISR_VS1B					EQU 0
  412  0000000                   WITH_ISR_VS2A					EQU 0
  413  0000000                   WITH_ISR_VS2B					EQU 0
  414  0000000                   
  415  0000000                   	; Following options used for selecting speech channels.
  416  0000000                   	; Please disable VS0D->VS0C->VS2B->VS1B->VSF->VSE->...>VS0A 
  417  0000000                   WITH_VS0A						EQU 0
  418  0000000                   WITH_VS0B						EQU 0
  419  0000000                   WITH_VS1A						EQU 1
  420  0000000                   WITH_VS1B						EQU 0
  421  0000000                   WITH_VS2A						EQU 0
  422  0000000                   WITH_VS2B						EQU 0
  423  0000000                   WITH_VS0C						EQU 0
  424  0000000                   WITH_VS0D						EQU 0
  425  0000000                   WITH_VS3						EQU 0
  426  0000000                   WITH_VS4						EQU 0
  427  0000000                   WITH_VS5						EQU 0
  428  0000000                   WITH_VS6						EQU 0
  429  0000000                   WITH_VS7						EQU 0
  430  0000000                   WITH_VS8						EQU 0
  431  0000000                   WITH_VS9						EQU 0
  432  0000000                   WITH_VSA						EQU 0
  433  0000000                   WITH_VSB						EQU 0
  434  0000000                   WITH_VSC						EQU 0
  435  0000000                   WITH_VSD						EQU 0
  436  0000000                   WITH_VSE						EQU 0
  437  0000000                   WITH_VSF						EQU 0
  438  0000000                   
  439  0000000                   WITH_MD4						EQU 0
  440  0000000                   WITH_NM4						EQU 1
  441  0000000                   WITH_NM4S						EQU 0
  442  0000000                   WITH_MDM						EQU 0
  443  0000000                   WITH_APM						EQU 0
  444  0000000                   WITH_LP8						EQU 0
  445  0000000                   WITH_VC4						EQU 0





  446  0000000                   WITH_MDR						EQU 0
  447  0000000                   
  448  0000000                   WITH_E2A						EQU 0
  449  0000000                   WITH_EMM						EQU 0
  450  0000000                   WITH_MD6						EQU 0
  451  0000000                   WITH_P10						EQU 0
  452  0000000                   WITH_PC8						EQU 0
  453  0000000                   
  454  0000000                   WITH_SIL						EQU 1
  455  0000000                   WITH_VMDPC8						EQU 0
  456  0000000                   WITH_PCSPC8						EQU 0
  457  0000000                   WITH_TONE						EQU 0
  458  0000000                   WITH_HQPC8						EQU 0
  459  0000000                   
  460  0000000                   WITH_HQ567						EQU 0
  461  0000000                   WITH_VMD567						EQU 0
  462  0000000                   WITH_HQ567_HW						EQU 0
  463  0000000                   WITH_HQ569_HW						EQU 0
  464  0000000                   WITH_YAD						EQU 0
  465  0000000                   WITH_P16						EQU 0
  466  0000000                   WITH_VC8						EQU 0
  467  0000000                   WITH_PC8VMDPCS						EQU 0
  468  0000000                   WITH_LP8VMDPCS						EQU 0
  469  0000000                   WITH_P16VMDPCS						EQU 0
  470  0000000                   ;--------------------------------------------------------------------------
  471  0000000                   ; Options
  472  0000000                   ;--------------------------------------------------------------------------
  473  0000000                   WITH_POLYPHONY					EQU 0
  474  0000000                   WITH_MIDI_CHANNEL				EQU 0
  475  0000000                   WITH_VOL_ADJ_MS					EQU 0
  476  0000000                   
  477  0000000                   WITH_PAUSE_RESUME				EQU 0
  478  0000000                   WITH_CHANNEL_PRESSURE				EQU 0
  479  0000000                   WITH_NOTE_OFFSET				EQU 0
  480  0000000                   WITH_CHANGE_TEMPO				EQU 0
  481  0000000                   WITH_VELOCITY					EQU 0
  482  0000000                   WITH_MS_EXT_MIDI				EQU 0
  483  0000000                   WITH_SYNC_CH1_MS				EQU 0
  484  0000000                   	; Disable this feature will save 5 bytes RAM.
  485  0000000                   WITH_GLOBAL_CHANNEL_VOLM 			EQU 0
  486  0000000                   WITH_GLOBAL_CHANNEL_INS   			EQU 0
  487  0000000                   	
  488  0000000                   WITH_PITCH_BEND					EQU 0
  489  0000000                   WITH_MODULATION_DEPTH			EQU 0
  490  0000000                   WITH_CHANNEL_SUSTAIN			EQU 0
  491  0000000                   WITH_SP_MIDI					EQU 0
  492  0000000                   WITH_PERCUSSION					EQU 0
  493  0000000                   WITH_DYNAMIC_CH					EQU 0
  494  0000000                   WITH_MS_ENABLE_CHANNEL			EQU 0
  495  0000000                   	; Disable this feature will save 2 bytes RAM.
  496  0000000                   
  497  0000000                   WITH_SP							EQU 1
  498  0000000                   	; Disable speech channels to save code size.
  499  0000000                   WITH_MS							EQU 0
  500  0000000                   	; Disable melody channels to save RAM and code size.
  501  0000000                   WITH_EVO						EQU 0
  502  0000000                   	; Disable EVO channels to save RAM and code size.





  503  0000000                   
  504  0000000                   	;------for speaker output type-----------------------------------------
  505  0000000                   WITH_SPEAKER_OUTPUT_TYPE 			EQU 	2
  506  0000000                   WITH_SPEAKER_SWITCH      			EQU     0   
  507  0000000                   
  508  0000000                   WITH_SIM_SP                                     EQU     0 
  509  0000000                   WITH_SIM_TYPE					EQU	0
  510  0000000                   	;0:W55F
  511  0000000                   	;1:SPI
  512  0000000                   WITH_EXT32MBIT					EQU	0
  513  0000000                   WITH_EXT64M_SPI					EQU 	0
  514  0000000                   
  515  0000000                   WITH_SP_NUM                                     EQU     1
  516  0000000                   WITH_ONE_HQ					EQU	0
  517  0000000                   WITH_PLAYE					EQU 	0
  518  0000000                   
  519  0000000                   
  520  0000000                   	; Following Options speci-fy what format can be played in each individual channel.
  521  0000000                   	; Properly disable some formats for channels can save RAM and code size.
  522  0000000                   WITH_VS0A_SIL					EQU 0
  523  0000000                   WITH_VS0B_SIL					EQU 0
  524  0000000                   WITH_VS1A_SIL					EQU 1
  525  0000000                   WITH_VS1B_SIL					EQU 0
  526  0000000                   WITH_VS2A_SIL					EQU 0
  527  0000000                   WITH_VS2B_SIL					EQU 0
  528  0000000                   
  529  0000000                   WITH_VS0A_MD4					EQU 0
  530  0000000                   WITH_VS0B_MD4					EQU 0
  531  0000000                   WITH_VS1A_MD4					EQU 0
  532  0000000                   WITH_VS1B_MD4					EQU 0
  533  0000000                   WITH_VS2A_MD4					EQU 0
  534  0000000                   WITH_VS2B_MD4					EQU 0
  535  0000000                   
  536  0000000                   WITH_VS0A_NM4					EQU 0
  537  0000000                   WITH_VS0B_NM4					EQU 0
  538  0000000                   WITH_VS1A_NM4					EQU 1
  539  0000000                   WITH_VS1B_NM4					EQU 0
  540  0000000                   WITH_VS2A_NM4					EQU 0
  541  0000000                   WITH_VS2B_NM4					EQU 0
  542  0000000                   
  543  0000000                   WITH_VS0A_NM4S					EQU 0
  544  0000000                   WITH_VS0B_NM4S					EQU 0
  545  0000000                   WITH_VS1A_NM4S					EQU 0
  546  0000000                   WITH_VS1B_NM4S					EQU 0
  547  0000000                   WITH_VS2A_NM4S					EQU 0
  548  0000000                   WITH_VS2B_NM4S					EQU 0
  549  0000000                   
  550  0000000                   WITH_VS0A_MDM					EQU 0
  551  0000000                   WITH_VS0B_MDM					EQU 0
  552  0000000                   WITH_VS1A_MDM					EQU 0
  553  0000000                   WITH_VS1B_MDM					EQU 0
  554  0000000                   WITH_VS2A_MDM					EQU 0
  555  0000000                   WITH_VS2B_MDM					EQU 0
  556  0000000                   
  557  0000000                   WITH_VS0A_APM					EQU 0
  558  0000000                   WITH_VS0B_APM					EQU 0
  559  0000000                   WITH_VS1A_APM					EQU 0





  560  0000000                   WITH_VS1B_APM					EQU 0
  561  0000000                   WITH_VS2A_APM					EQU 0
  562  0000000                   WITH_VS2B_APM					EQU 0
  563  0000000                   
  564  0000000                   WITH_VS0A_LP8					EQU 0
  565  0000000                   WITH_VS0B_LP8					EQU 0
  566  0000000                   WITH_VS1A_LP8					EQU 0
  567  0000000                   WITH_VS1B_LP8					EQU 0
  568  0000000                   WITH_VS2A_LP8					EQU 0
  569  0000000                   WITH_VS2B_LP8					EQU 0
  570  0000000                   
  571  0000000                   WITH_VS0A_VC4					EQU 0
  572  0000000                   WITH_VS0B_VC4					EQU 0
  573  0000000                   WITH_VS1A_VC4					EQU 0
  574  0000000                   WITH_VS1B_VC4					EQU 0
  575  0000000                   WITH_VS2A_VC4					EQU 0
  576  0000000                   WITH_VS2B_VC4					EQU 0
  577  0000000                   
  578  0000000                   WITH_VS0A_MDR					EQU 0
  579  0000000                   WITH_VS0B_MDR					EQU 0
  580  0000000                   WITH_VS1A_MDR					EQU 0
  581  0000000                   WITH_VS1B_MDR					EQU 0
  582  0000000                   WITH_VS2A_MDR					EQU 0
  583  0000000                   WITH_VS2B_MDR					EQU 0
  584  0000000                   
  585  0000000                   WITH_VS0A_E2A					EQU 0
  586  0000000                   WITH_VS0B_E2A					EQU 0
  587  0000000                   WITH_VS1A_E2A					EQU 0
  588  0000000                   WITH_VS1B_E2A					EQU 0
  589  0000000                   WITH_VS2A_E2A					EQU 0
  590  0000000                   WITH_VS2B_E2A					EQU 0
  591  0000000                   
  592  0000000                   WITH_VS0A_EMM					EQU 0
  593  0000000                   WITH_VS0B_EMM					EQU 0
  594  0000000                   WITH_VS1A_EMM					EQU 0
  595  0000000                   WITH_VS1B_EMM					EQU 0
  596  0000000                   WITH_VS2A_EMM					EQU 0
  597  0000000                   WITH_VS2B_EMM					EQU 0
  598  0000000                   
  599  0000000                   WITH_VS0A_MD6					EQU 0
  600  0000000                   WITH_VS0B_MD6					EQU 0
  601  0000000                   WITH_VS1A_MD6					EQU 0
  602  0000000                   WITH_VS1B_MD6					EQU 0
  603  0000000                   WITH_VS2A_MD6					EQU 0
  604  0000000                   WITH_VS2B_MD6					EQU 0
  605  0000000                   
  606  0000000                   WITH_VS0A_P10					EQU 0
  607  0000000                   WITH_VS0B_P10					EQU 0
  608  0000000                   WITH_VS1A_P10					EQU 0
  609  0000000                   WITH_VS1B_P10					EQU 0
  610  0000000                   WITH_VS2A_P10					EQU 0
  611  0000000                   WITH_VS2B_P10					EQU 0
  612  0000000                   
  613  0000000                   WITH_VS0A_PC8					EQU 0
  614  0000000                   WITH_VS0B_PC8					EQU 0
  615  0000000                   WITH_VS1A_PC8					EQU 0
  616  0000000                   WITH_VS1B_PC8					EQU 0





  617  0000000                   WITH_VS2A_PC8					EQU 0
  618  0000000                   WITH_VS2B_PC8					EQU 0
  619  0000000                   
  620  0000000                   	; PC8 type VMD, disable to save code size.
  621  0000000                   WITH_VS0A_VMDPC8				EQU 0
  622  0000000                   WITH_VS0B_VMDPC8				EQU 0
  623  0000000                   WITH_VS1A_VMDPC8				EQU 0
  624  0000000                   WITH_VS1B_VMDPC8				EQU 0
  625  0000000                   WITH_VS2A_VMDPC8				EQU 0
  626  0000000                   WITH_VS2B_VMDPC8				EQU 0
  627  0000000                   
  628  0000000                   	; PC8 type PCS, disable to save code size.
  629  0000000                   WITH_VS0A_PCSPC8				EQU 0
  630  0000000                   WITH_VS0B_PCSPC8				EQU 0
  631  0000000                   WITH_VS1A_PCSPC8				EQU 0
  632  0000000                   WITH_VS1B_PCSPC8				EQU 0
  633  0000000                   WITH_VS2A_PCSPC8				EQU 0
  634  0000000                   WITH_VS2B_PCSPC8				EQU 0
  635  0000000                   
  636  0000000                   	; I-f there is HQ melody, disable TONE save nothing.
  637  0000000                   WITH_VS0A_TONE					EQU 0
  638  0000000                   WITH_VS0B_TONE					EQU 0
  639  0000000                   WITH_VS1A_TONE					EQU 0
  640  0000000                   WITH_VS1B_TONE					EQU 0
  641  0000000                   WITH_VS2A_TONE					EQU 0
  642  0000000                   WITH_VS2B_TONE					EQU 0
  643  0000000                   
  644  0000000                   	; W566/W588(PC8) type HQ, disable to save code size.
  645  0000000                   WITH_VS0A_HQPC8					EQU 0
  646  0000000                   WITH_VS0B_HQPC8					EQU 0
  647  0000000                   WITH_VS1A_HQPC8					EQU 0
  648  0000000                   WITH_VS1B_HQPC8					EQU 0
  649  0000000                   WITH_VS2A_HQPC8					EQU 0
  650  0000000                   WITH_VS2B_HQPC8					EQU 0
  651  0000000                   
  652  0000000                   WITH_CH0_EVO					EQU 0
  653  0000000                   WITH_CH1_EVO					EQU 0
  654  0000000                   WITH_CH2_EVO					EQU 0
  655  0000000                   
  656  0000000                   WITH_FILTER					EQU 0
  657  0000000                   WITH_NOISE_SHAPING				EQU 1
  658  0000000                   ;0 - not support noise shaping
  659  0000000                   ;1 - support noise shaping
  660  0000000                   ;2 - only PWM support shaping
  661  0000000                   
  662  0000000                   WITH_DAC_ENABLE					EQU 0
  663  0000000                   WITH_SP0XL_RESOLUTION				EQU 1
  664  0000000                   ; 1 - 16 bit
  665  0000000                   ; 2 - 14 bit
  666  0000000                   ; 3 - 12 bit
  667  0000000                   WITH_SPEN_EFFECTIVE_BITS       			EQU 2
  668  0000000                   ;X X X X PWM_NS DAC_MA PWM DAC  
  669  0000000                   WITH_RDPC_VALUE         			EQU 1
  670  0000000                   
  671  0000000                   WITH_MS_CODA					EQU 0
  672  0000000                   WITH_SP_MIDI_SIMUL 				EQU 0
  673  0000000                   WITH_SP_SKIP                       		EQU 0





  674  0000000                   WITH_SP_GLOBAL_SR                       	EQU 0
  675  0000000                   
  676  0000000                   WITH_RAM_OVER_STACK				EQU 	0
  677  0000000                   WITH_STACK_SIZE					EQU	20
  678  0000000                   
  679  0000000                   TONE_2KHZ_TMC	EQU 5
  680  0000000                   TONE_2KHZ_TMV 	EQU 95
  681  0000000                   
  682  0000000                   WITH_SPI_GPIO                                   EQU     0
  683  0000000                   
  684  0000000                   WITH_EN_ULTRAIO                 EQU     0
  685  0000000                   
  686  0000000                   ; Cap-Sensor Library
  687  0000000                   ; 
  688  0000000                   ;;;; There are two libraries for Cap-Sensor.
  689  0000000                   ;;;; [1] 8  key detection via PORT_ISR
  690  0000000                   ;;;;    
  691  0000000                   ;;;;    
  692  0000000                   ;;;; [2] 8+ key detection via MAIN_LOOP
  693  0000000                   ;;;;    
  694  0000000                   ;;;;    
  695  0000000                   ;;;;;;;;;;;;;;;;;;;;;;;;;;;;;;;;;;;;;;;;;;;;;;;;;;;;;;;;;;;;;;;;;;;;;;;;;;;;;;;
  696  0000000                   WITH_PSF_PROJECT  		EQU 0
  697  0000000                   
  698  0000000                   WITH_FW_SEN_OPTION_PIN           EQU         0
  699  0000000                   WITH_CAPSENSOR_MULTISENTABLE     EQU         1
  700  0000000                   
  701  0000000                   CAP_SENSOR_TBL0_KEY0_TH              EQU 0
  702  0000000                   CAP_SENSOR_TBL0_KEY1_TH              EQU 0
  703  0000000                   CAP_SENSOR_TBL0_KEY2_TH              EQU 0
  704  0000000                   CAP_SENSOR_TBL0_KEY3_TH              EQU 0
  705  0000000                   CAP_SENSOR_TBL0_KEY4_TH              EQU 0
  706  0000000                   CAP_SENSOR_TBL0_KEY5_TH              EQU 0
  707  0000000                   CAP_SENSOR_TBL0_KEY6_TH              EQU 0
  708  0000000                   CAP_SENSOR_TBL0_KEY7_TH              EQU 0
  709  0000000                   CAP_SENSOR_TBL0_KEY8_TH              EQU 0
  710  0000000                   CAP_SENSOR_TBL0_KEY9_TH              EQU 0
  711  0000000                   CAP_SENSOR_TBL0_KEY10_TH             EQU 0
  712  0000000                   CAP_SENSOR_TBL0_KEY11_TH             EQU 0
  713  0000000                   CAP_SENSOR_TBL0_KEY12_TH             EQU 0
  714  0000000                   CAP_SENSOR_TBL0_KEY13_TH             EQU 0
  715  0000000                   CAP_SENSOR_TBL0_KEY14_TH             EQU 0
  716  0000000                   CAP_SENSOR_TBL0_KEY15_TH             EQU 0
  717  0000000                   CAP_SENSOR_TBL0_KEY16_TH             EQU 0
  718  0000000                   CAP_SENSOR_TBL0_KEY17_TH             EQU 0
  719  0000000                   CAP_SENSOR_TBL0_KEY18_TH             EQU 0
  720  0000000                   CAP_SENSOR_TBL0_KEY19_TH             EQU 0
  721  0000000                   CAP_SENSOR_TBL0_KEY20_TH             EQU 0
  722  0000000                   CAP_SENSOR_TBL0_KEY21_TH             EQU 0
  723  0000000                   CAP_SENSOR_TBL0_KEY22_TH             EQU 0
  724  0000000                   CAP_SENSOR_TBL0_KEY23_TH             EQU 0
  725  0000000                   
  726  0000000                   
  727  0000000                   CAP_SENSOR_SEL_PIN0     EQU 0
  728  0000000                   CAP_SENSOR_SEL_PIN1     EQU 0
  729  0000000                   CAP_SENSOR_SEL_PIN2     EQU 0
  730  0000000                   CAP_SENSOR_SEL_PIN3     EQU 0





  731  0000000                   
  732  0000000                   CAP_SENSOR_IMPLEMENTATION       EQU 2
  733  0000000                   WITH_CHARGE_ENABLE              EQU 0
  734  0000000                   ;CapSensorChargeEnable
  735  0000000                   
  736  0000000                   ;;;; Common
  737  0000000                   ;;;; 
  738  0000000                   ;;;;
  739  0000000                   ;;;;;;;;;;;;;;;;;;;;;;;;;;;;;;;;;;;;;;;;;;;;;;;;;;;;;;;;;;;;;;;;;;;;;;;;;;;;;;;
  740  0000000                   WITH_FW_CAP_SENSOR_KEYS         EQU 0
  741  0000000                   CAP_SENSOR_KEY0_TH              EQU 0
  742  0000000                   CAP_SENSOR_KEY1_TH              EQU 0
  743  0000000                   CAP_SENSOR_KEY2_TH              EQU 0
  744  0000000                   CAP_SENSOR_KEY3_TH              EQU 0
  745  0000000                   CAP_SENSOR_KEY4_TH              EQU 0
  746  0000000                   CAP_SENSOR_KEY5_TH              EQU 0
  747  0000000                   CAP_SENSOR_KEY6_TH              EQU 0
  748  0000000                   CAP_SENSOR_KEY7_TH              EQU 0
  749  0000000                   CAP_SENSOR_KEY8_TH              EQU 0
  750  0000000                   CAP_SENSOR_KEY9_TH              EQU 0
  751  0000000                   CAP_SENSOR_KEY10_TH             EQU 0
  752  0000000                   CAP_SENSOR_KEY11_TH             EQU 0
  753  0000000                   CAP_SENSOR_KEY12_TH             EQU 0
  754  0000000                   CAP_SENSOR_KEY13_TH             EQU 0
  755  0000000                   CAP_SENSOR_KEY14_TH             EQU 0
  756  0000000                   CAP_SENSOR_KEY15_TH             EQU 0
  757  0000000                   CAP_SENSOR_KEY16_TH             EQU 0
  758  0000000                   CAP_SENSOR_KEY17_TH             EQU 0
  759  0000000                   CAP_SENSOR_KEY18_TH             EQU 0
  760  0000000                   CAP_SENSOR_KEY19_TH             EQU 0
  761  0000000                   CAP_SENSOR_KEY20_TH             EQU 0
  762  0000000                   CAP_SENSOR_KEY21_TH             EQU 0
  763  0000000                   CAP_SENSOR_KEY22_TH             EQU 0
  764  0000000                   CAP_SENSOR_KEY23_TH             EQU 0
  765  0000000                   ;;;;;;;;;;;;;;;;;;;;;;;;;;;;;;;;;;;;;;;;;;;;;;;;;;;;;;;;;;;;;;;;;;;;;;;;;;;;;;;
  766  0000000                   
  767  0000000                   
  768  0000000                   ;;;; Cap Sensor V1
  769  0000000                   ;;;;;;;;;;;;;;;;;;;;;;;;;;;;;;;;;;;;;;;;;;;;;;;;;;;;;;;;;;;;;;;;;;;;;;;;;;;;;;;
  770  0000000                   S_CAP_SENSOR_KEY_MASK           EQU 0H
  771  0000000                   S_TOUCH_KEY_MASK                EQU 0H
  772  0000000                   S_TOUCH_KEY_MASK_REV            EQU FFH
  773  0000000                   CAP_SENSOR_KEY_EN0              EQU 0
  774  0000000                   CAP_SENSOR_KEY_EN1              EQU 0
  775  0000000                   CAP_SENSOR_KEY_EN2              EQU 0
  776  0000000                   CAP_SENSOR_KEY_EN3              EQU 0
  777  0000000                   CAP_SENSOR_KEY_EN4              EQU 0
  778  0000000                   CAP_SENSOR_KEY_EN5              EQU 0
  779  0000000                   CAP_SENSOR_KEY_EN6              EQU 0
  780  0000000                   CAP_SENSOR_KEY_EN7              EQU 0
  781  0000000                   ;;;;;;;;;;;;;;;;;;;;;;;;;;;;;;;;;;;;;;;;;;;;;;;;;;;;;;;;;;;;;;;;;;;;;;;;;;;;;;;
  782  0000000                   
  783  0000000                   ;;;; Cap Sensor V2
  784  0000000                   ;;;;;;;;;;;;;;;;;;;;;;;;;;;;;;;;;;;;;;;;;;;;;;;;;;;;;;;;;;;;;;;;;;;;;;;;;;;;;;;
  785  0000000                   CAP_SENSOR_KEY0_BP              EQU 0
  786  0000000                   CAP_SENSOR_KEY1_BP              EQU 0
  787  0000000                   CAP_SENSOR_KEY2_BP              EQU 0





  788  0000000                   CAP_SENSOR_KEY3_BP              EQU 0
  789  0000000                   CAP_SENSOR_KEY4_BP              EQU 0
  790  0000000                   CAP_SENSOR_KEY5_BP              EQU 0
  791  0000000                   CAP_SENSOR_KEY6_BP              EQU 0
  792  0000000                   CAP_SENSOR_KEY7_BP              EQU 0
  793  0000000                   CAP_SENSOR_KEY8_BP              EQU 0
  794  0000000                   CAP_SENSOR_KEY9_BP              EQU 0
  795  0000000                   CAP_SENSOR_KEY10_BP             EQU 0
  796  0000000                   CAP_SENSOR_KEY11_BP             EQU 0
  797  0000000                   CAP_SENSOR_KEY12_BP             EQU 0
  798  0000000                   CAP_SENSOR_KEY13_BP             EQU 0
  799  0000000                   CAP_SENSOR_KEY14_BP             EQU 0
  800  0000000                   CAP_SENSOR_KEY15_BP             EQU 0
  801  0000000                   CAP_SENSOR_KEY16_BP             EQU 0
  802  0000000                   CAP_SENSOR_KEY17_BP             EQU 0
  803  0000000                   CAP_SENSOR_KEY18_BP             EQU 0
  804  0000000                   CAP_SENSOR_KEY19_BP             EQU 0
  805  0000000                   CAP_SENSOR_KEY20_BP             EQU 0
  806  0000000                   CAP_SENSOR_KEY21_BP             EQU 0
  807  0000000                   CAP_SENSOR_KEY22_BP             EQU 0
  808  0000000                   CAP_SENSOR_KEY23_BP             EQU 0
  809  0000000                   ;;;;;;;;;;;;;;;;;;;;;;;;;;;;;;;;;;;;;;;;;;;;;;;;;;;;;;;;;;;;;;;;;;;;;;;;;;;;;;;
  810  0000000                   
  811  0000000                   ;;;;IO EXPANDER SETTING
  812  0000000                   ;;;;;;;;;;;;;;;;;;;;;;;;;;;;;;;;;;;;;;;;;;;;;;;;;;;;;;;;;;;;;;;;;;;;;;;;;;;;;;;
  813  0000000                   N55P_DEVICE_NUM		EQU       0          
  814  0000000                   		;N55PDeviceNum:0/1/2
  815  0000000                   N55P_DEVICE_UIO_USED	EQU       00H
  816  0000000                   N55P_DEVICE0_CNSTA    EQU       00H          
  817  0000000                   N55P_DEVICE0_CNSTB    EQU       00H          
  818  0000000                   N55P_DEVICE0_CNSTC    EQU       00H          
  819  0000000                   N55P_DEVICE0_PCKAB    EQU       00H     
  820  0000000                   N55P_DEVICE0_PCKCD    EQU       00H         
  821  0000000                   
  822  0000000                   N55P_DEVICE1_CNSTA    EQU       00H          
  823  0000000                   N55P_DEVICE1_CNSTB    EQU       00H          
  824  0000000                   N55P_DEVICE1_CNSTC    EQU       00H          
  825  0000000                   N55P_DEVICE1_PCKAB    EQU       00H     
  826  0000000                   N55P_DEVICE1_PCKCD    EQU       00H     
  827  0000000                   ;;;;;;;;;;;;;;;;;;;;;;;;;;;;;;;;;;;;;;;;;;;;;;;;;;;;;;;;;;;;;;;;;;;;;;;;;;;;;;;
  828  0000000                   SPI_COMMAND_ENABLE        EQU 0
  829  0000000                   I2C_COMMAND_ENABLE        EQU 0
  830  0000000                   
  831  0000000                   
  832  0000000                   	.GLOBALS ON
  833  0000000                   	LIBRARY_CODE:	SECTION
  834  0000000                   
  835  0000000                   ; System clock is 6144000 ============================================
  836  0000000                   ; N588H note:	TM0/TM1 : /2/4/8/32/128
  837  0000000                   ; 		TMG	: /2/4/8/64/512
  838  0000000                   
  839  0000000                   
  840  0000000                   
  841  0000000                   	.IF (WITH_VC4 .EQ. 1)
  842  0000000                   
  843  0000000                   	.IF (CHIPSERIES = 'N588H').OR.(CHIPSERIES = 'N588J')
  844  0000000                   





  845  0000000                   VC_TMC_TABLE_TABLE:
  846  0000000                   	.IF (WITH_TONE .EQ. 0)
  847  0000000                   		.IF (WITH_VS1A_VC4 .EQ. 1)
  848  0000000                   			DW VC_TMC_TABLE_TM0	;TM0
  849  0000000                   		.ELSE
  850  0000000                   			DW 0H	;
  851  0000000                   		.ENDIF
  852  0000000                   		.IF (WITH_VS2A_VC4 .EQ. 1)
  853  0000000                   			DW VC_TMC_TABLE_TM1	;TM1
  854  0000000                   		.ELSE
  855  0000000                   			DW 0H	;
  856  0000000                   		.ENDIF
  857  0000000                   		.IF (WITH_VS0A_VC4 .EQ. 1)
  858  0000000                   			DW VC_TMC_TABLE_TMG	;TMG
  859  0000000                   		.ELSE
  860  0000000                   			DW 0H	;
  861  0000000                   		.ENDIF
  862  0000000                   	.ELSE
  863  0000000                   		.IF (WITH_VS0A_VC4 .EQ. 1)
  864  0000000                   			DW VC_TMC_TABLE_TMG	;TMG
  865  0000000                   		.ELSE
  866  0000000                   			DW 0H	;
  867  0000000                   		.ENDIF
  868  0000000                   		.IF (WITH_VS1A_VC4 .EQ. 1)
  869  0000000                   			DW VC_TMC_TABLE_TM0	;TM0
  870  0000000                   		.ELSE
  871  0000000                   			DW 0H	;
  872  0000000                   		.ENDIF
  873  0000000                   		.IF (WITH_VS2A_VC4 .EQ. 1)
  874  0000000                   			DW VC_TMC_TABLE_TM1	;TM1
  875  0000000                   		.ELSE
  876  0000000                   			DW 0H	;
  877  0000000                   		.ENDIF
  878  0000000                    .ENDIF 
  879  0000000                   
  880  0000000                   VC_TMV_TABLE_TABLE:
  881  0000000                   	.IF (WITH_TONE .EQ. 0)
  882  0000000                   		.IF (WITH_VS1A_VC4 .EQ. 1)
  883  0000000                   			DW VC_TMV_TABLE_TM0	;TM0
  884  0000000                   		.ELSE
  885  0000000                   			DW 0H	;
  886  0000000                   		.ENDIF
  887  0000000                   		.IF (WITH_VS2A_VC4 .EQ. 1)
  888  0000000                   			DW VC_TMV_TABLE_TM1	;TM1
  889  0000000                   		.ELSE
  890  0000000                   			DW 0H	;
  891  0000000                   		.ENDIF
  892  0000000                   		.IF (WITH_VS0A_VC4 .EQ. 1)
  893  0000000                   			DW VC_TMV_TABLE_TMG	;TMG
  894  0000000                   		.ELSE
  895  0000000                   			DW 0H	;
  896  0000000                   		.ENDIF
  897  0000000                   	.ELSE 
  898  0000000                   		.IF (WITH_VS0A_VC4 .EQ. 1)
  899  0000000                   			DW VC_TMV_TABLE_TMG	;TMG
  900  0000000                   		.ELSE
  901  0000000                   			DW 0H	;





  902  0000000                   		.ENDIF
  903  0000000                   		.IF (WITH_VS1A_VC4 .EQ. 1)
  904  0000000                   			DW VC_TMV_TABLE_TM0	;TM0
  905  0000000                   		.ELSE
  906  0000000                   			DW 0H	;
  907  0000000                   		.ENDIF
  908  0000000                   		.IF (WITH_VS2A_VC4 .EQ. 1)
  909  0000000                   			DW VC_TMV_TABLE_TM1	;TM1
  910  0000000                   		.ELSE
  911  0000000                   			DW 0H	;
  912  0000000                   		.ENDIF
  913  0000000                   	.ENDIF
  914  0000000                   
  915  0000000                   	.ENDIF
  916  0000000                   
  917  0000000                   	.IF (WITH_VS0A_VC4 .EQ. 1)
  918  0000000                   VC_TMC_TABLE_TMG:	;TMG
  919  0000000                   	DB  3H
  920  0000000                   	DB  3H
  921  0000000                   	DB  3H
  922  0000000                   	DB  3H
  923  0000000                   	DB  3H
  924  0000000                   	DB  3H
  925  0000000                   	DB  3H
  926  0000000                   	DB  3H
  927  0000000                   	DB  1H
  928  0000000                   	DB  1H
  929  0000000                   	DB  1H
  930  0000000                   
  931  0000000                   VC_TMV_TABLE_TMG:	;TMG
  932  0000000                   	DB 5FH
  933  0000000                   	DB BFH
  934  0000000                   	DB 9FH
  935  0000000                   	DB 88H
  936  0000000                   	DB 77H
  937  0000000                   	DB 69H
  938  0000000                   	DB 4FH
  939  0000000                   	DB 43H
  940  0000000                   	DB EFH
  941  0000000                   	DB D4H
  942  0000000                   	DB BFH
  943  0000000                   	.ENDIF
  944  0000000                   
  945  0000000                   	.IF (WITH_VS1A_VC4 .EQ. 1 || WITH_VS2A_VC4 .EQ. 1)
  946  0000000                   VC_TMC_TABLE_TM0:	;TM0
  947  0000000                   VC_TMC_TABLE_TM1:	;TM1
  948  0000000                   	DB  3H
  949  0000000                   	DB  5H
  950  0000000                   	DB  5H
  951  0000000                   	DB  5H
  952  0000000                   	DB  3H
  953  0000000                   	DB  3H
  954  0000000                   	DB  3H
  955  0000000                   	DB  3H
  956  0000000                   	DB  1H
  957  0000000                   	DB  1H
  958  0000000                   	DB  1H





  959  0000000                   
  960  0000000                   VC_TMV_TABLE_TM0:	;TM0
  961  0000000                   VC_TMV_TABLE_TM1:	;TM1
  962  0000000                   	DB BFH
  963  0000000                   	DB 2FH
  964  0000000                   	DB 27H
  965  0000000                   	DB 21H
  966  0000000                   	DB EFH
  967  0000000                   	DB D4H
  968  0000000                   	DB 9FH
  969  0000000                   	DB 88H
  970  0000000                   	DB EFH
  971  0000000                   	DB D4H
  972  0000000                   	DB BFH
  973  0000000                   	.ENDIF
  974  0000000                   
  975  0000000                   	.ENDIF
  976  0000000                   
  977  0000000                   
  978  0000000                   
  979  0000000                   ; for others ==========================================================
  980  0000000                   
  981  0000000                   DELTA_ENVELOPE_COUNT_INTEGER		EQU 0H
  982  0000000                   DELTA_ENVELOPE_COUNT_FRACTION		EQU 55H
  983  0000000                   
  984  0000000                   SPEECH_TMC_DEFAULT 		EQU 3H	;/4
  985  0000000                   
  986  0000000                   .GLOBALS OFF
  987  0000000                   	ENDS
  988  0000000                   
		Line(s) Assembled : 988
		Error(s): 0
		Warn(s) : 0
		Begin Assembling Time : Tue Oct 23 10:35:24 2018
		End   Assembling Time : Tue Oct 23 10:35:24 2018

